0 info it worked if it ends with ok
1 verbose cli [ 'C:\\Program Files\\nodejs\\node.exe',
1 verbose cli   'C:\\Program Files\\nodejs\\node_modules\\npm\\bin\\npm-cli.js',
1 verbose cli   'run',
1 verbose cli   'debug' ]
2 info using npm@4.1.2
3 info using node@v7.7.4
4 verbose run-script [ 'predebug', 'debug', 'postdebug' ]
5 info lifecycle my-app@1.1.2~predebug: my-app@1.1.2
6 silly lifecycle my-app@1.1.2~predebug: no script for predebug, continuing
7 info lifecycle my-app@1.1.2~debug: my-app@1.1.2
8 verbose lifecycle my-app@1.1.2~debug: unsafe-perm in lifecycle true
9 verbose lifecycle my-app@1.1.2~debug: PATH: C:\Program Files\nodejs\node_modules\npm\bin\node-gyp-bin;E:\findReact\node_modules\.bin;C:\Windows\system32;C:\Windows;C:\Windows\System32\Wbem;C:\Windows\System32\WindowsPowerShell\v1.0\;C:\Program Files (x86)\AMD\ATI.ACE\Core-Static;C:\Program Files\nodejs\;C:\Users\Administrator\AppData\Local\atom\bin;C:\Users\Administrator\AppData\Roaming\npm
10 verbose lifecycle my-app@1.1.2~debug: CWD: E:\findReact
11 silly lifecycle my-app@1.1.2~debug: Args: [ '/d /s /c',
11 silly lifecycle   'webpack-dev-server --progress --colors --display-error-details --display-modules --config webpack-dev.config.js' ]
12 silly lifecycle my-app@1.1.2~debug: Returned: code: 3221225786  signal: null
13 info lifecycle my-app@1.1.2~debug: Failed to exec debug script
14 verbose stack Error: my-app@1.1.2 debug: `webpack-dev-server --progress --colors --display-error-details --display-modules --config webpack-dev.config.js`
14 verbose stack Exit status 3221225786
14 verbose stack     at EventEmitter.<anonymous> (C:\Program Files\nodejs\node_modules\npm\lib\utils\lifecycle.js:279:16)
14 verbose stack     at emitTwo (events.js:106:13)
14 verbose stack     at EventEmitter.emit (events.js:194:7)
14 verbose stack     at ChildProcess.<anonymous> (C:\Program Files\nodejs\node_modules\npm\lib\utils\spawn.js:40:14)
14 verbose stack     at emitTwo (events.js:106:13)
14 verbose stack     at ChildProcess.emit (events.js:194:7)
14 verbose stack     at maybeClose (internal/child_process.js:899:16)
14 verbose stack     at Process.ChildProcess._handle.onexit (internal/child_process.js:226:5)
15 verbose pkgid my-app@1.1.2
16 verbose cwd E:\findReact
17 error Windows_NT 6.1.7601
18 error argv "C:\\Program Files\\nodejs\\node.exe" "C:\\Program Files\\nodejs\\node_modules\\npm\\bin\\npm-cli.js" "run" "debug"
19 error node v7.7.4
20 error npm  v4.1.2
21 error code ELIFECYCLE
22 error my-app@1.1.2 debug: `webpack-dev-server --progress --colors --display-error-details --display-modules --config webpack-dev.config.js`
22 error Exit status 3221225786
23 error Failed at the my-app@1.1.2 debug script 'webpack-dev-server --progress --colors --display-error-details --display-modules --config webpack-dev.config.js'.
23 error Make sure you have the latest version of node.js and npm installed.
23 error If you do, this is most likely a problem with the my-app package,
23 error not with npm itself.
23 error Tell the author that this fails on your system:
23 error     webpack-dev-server --progress --colors --display-error-details --display-modules --config webpack-dev.config.js
23 error You can get information on how to open an issue for this project with:
23 error     npm bugs my-app
23 error Or if that isn't available, you can get their info via:
23 error     npm owner ls my-app
23 error There is likely additional logging output above.
24 verbose exit [ 1, true ]
